Arguments: 
  C:\Program Files\nodejs\node.exe C:\Program Files\nodejs\node_modules\yarn\bin\yarn.js

PATH: 
  C:\Program Files\Common Files\Oracle\Java\javapath;C:\Oracle\product\12.1.0\client_1\bin;C:\Program Files (x86)\Common Files\Oracle\Java\javapath;C:\WINDOWS\system32;C:\WINDOWS;C:\WINDOWS\System32\Wbem;C:\WINDOWS\System32\WindowsPowerShell\v1.0\;C:\WINDOWS\System32\OpenSSH\;C:\Program Files (x86)\Intel\Intel(R) Management Engine Components\DAL;C:\Program Files\Intel\Intel(R) Management Engine Components\DAL;C:\Program Files (x86)\PuTTY\;C:\Program Files\Git\cmd;C:\Program Files (x86)\Bitvise SSH Client;C:\Users\AVROGAL1\AppData\Roaming\nvm;C:\Program Files\nodejs;C:\HashiCorp\Vagrant\bin;C:\Program Files (x86)\sbt\bin;C:\Program Files\Kubernetes\Minikube;C:\Go\bin;C:\progs;C:\ProgramData\chocolatey\bin;C:\Program Files\Git LFS;C:\Program Files (x86)\scala\bin;C:\Program Files\Docker\Docker\resources\bin;C:\ProgramData\DockerDesktop\version-bin;C:\maven\apache-maven-3.6.3\bin;C:\gradle\gradle-6.7.1\bin;C:\Users\AVROGAL1\scoop\shims;C:\Users\AVROGAL1\AppData\Local\Microsoft\WindowsApps;C:\Users\AVROGAL1\AppData\Local\atom\bin;C:\Mercurial;C:\Users\AVROGAL1\AppData\Roaming\nvm;C:\Program Files\nodejs;C:\Program Files\JetBrains\WebStorm 2020.3\bin;;C:\Users\AVROGAL1\AppData\Local\Programs\Microsoft VS Code\bin;C:\Program Files\Multipass\bin;C:\Program Files\MicroK8s;C:\Users\AVROGAL1\go\bin;C:\Program Files\JetBrains\DataGrip 2020.3\bin;;C:\Users\AVROGAL1\AppData\Local\.meteor;

Yarn version: 
  1.22.10

Node version: 
  15.5.0

Platform: 
  win32 x64

Trace: 
  Error: unable to verify the first certificate
      at TLSSocket.onConnectSecure (node:_tls_wrap:1518:34)
      at TLSSocket.emit (node:events:376:20)
      at TLSSocket._finishInit (node:_tls_wrap:942:8)
      at TLSWrap.ssl.onhandshakedone (node:_tls_wrap:716:12)

npm manifest: 
  {
    "name": "mindsphere.github.io",
    "version": "1.0.2",
    "description": "MindSphere Open Source Tools and Libraries documentation",
    "main": "index.js",
    "scripts": {
      "start": "markserv .",
      "test": "npm run style && npm run lint",
      "style": "eclint check **/*.md",
      "commitlint": "commitlint . --from=HEAD~1",
      "lint": "markdownlint . -i node_modules",
      "changelog": "conventional-changelog -p angular -i CHANGELOG.raw -s && git add CHANGELOG.raw",
      "changelog:version": " cat CHANGELOG.header.raw > CHANGELOG &&  cat CHANGELOG.raw >> CHANGELOG && git add CHANGELOG",
      "version": "npm run changelog && npm run changelog:version"
    },
    "repository": {
      "type": "git",
      "url": "git+ssh://git@github.com/mindsphere/mindsphere.github.io.git"
    },
    "keywords": [
      "MindSphere",
      "MindConnect",
      "Documentation",
      "Devops",
      "Collaboration"
    ],
    "author": "Siemens AG",
    "license": "MIT",
    "bugs": {
      "url": "https://github.com/mindsphere/mindsphere.github.io/issues"
    },
    "homepage": "https://github.com/mindsphere/mindsphere.github.io#readme",
    "devDependencies": {
      "@commitlint/cli": "^9.0.1",
      "@commitlint/config-conventional": "^9.0.1",
      "commitlint": "^9.0.1",
      "conventional-changelog-cli": "^2.0.34",
      "eclint": "^2.8.1",
      "husky": "^4.2.5",
      "markdownlint-cli": "^0.23.2",
      "markserv": "^1.17.4"
    },
    "husky": {
      "hooks": {
        "pre-push": "npm test"
      }
    }
  }

yarn manifest: 
  No manifest

Lockfile: 
  No lockfile
